2024-10-07 06:57:33,WARNING,Motion 618 assigned to multiple people on 20241012
2024-10-07 06:57:33,WARNING,Motion 618 assigned to multiple people on 20241013
2024-10-07 06:57:33,WARNING,Motion 618 assigned to multiple people on 20241014
2024-10-07 06:57:33,WARNING,Motion 618 assigned to multiple people on 20241015
2024-10-07 06:57:33,WARNING,Motion 618 assigned to multiple people on 20241016
2024-10-07 06:57:33,WARNING,Motion 618 assigned to multiple people on 20241017
2024-10-07 06:57:33,WARNING,Motion 618 assigned to multiple people on 20241018
2024-10-07 06:57:33,INFO,Starting thread pools
2024-10-07 06:57:33,DEBUG,DetectionThreadPool starting
2024-10-07 06:57:33,DEBUG,DetectionThread #1 starting
2024-10-07 06:57:33,DEBUG,DetectionThread #2 starting
2024-10-07 06:57:33,DEBUG,DetectionThread #3 starting
2024-10-07 06:57:33,DEBUG,DetectionThread #4 starting
2024-10-07 06:57:33,DEBUG,DetectionThread #5 starting
2024-10-07 06:57:33,DEBUG,DetectionThread #6 starting
2024-10-07 06:57:33,DEBUG,DetectionThread #7 starting
2024-10-07 06:57:33,DEBUG,DetectionThread #8 starting
2024-10-07 06:57:33,DEBUG,InspectionThreadPool starting
2024-10-07 06:57:33,DEBUG,InspectionThread #1 starting
2024-10-07 06:57:33,DEBUG,InspectionThread #2 starting
2024-10-07 06:57:33,DEBUG,InspectionThread #3 starting
2024-10-07 06:57:33,DEBUG,InspectionThread #4 starting
2024-10-07 06:57:33,DEBUG,DownloadThreadPool starting
2024-10-07 06:57:33,DEBUG,DownloadThread #1 starting
2024-10-07 06:57:33,DEBUG,DownloadThread #2 starting
2024-10-07 06:57:33,DEBUG,DownloadThread #3 starting
2024-10-07 06:57:33,DEBUG,DownloadThread #4 starting
2024-10-07 06:57:33,DEBUG,DisconnectionThreadPool starting
2024-10-07 06:57:33,DEBUG,DisconnectionThread #1 starting
2024-10-07 06:57:33,DEBUG,DisconnectionThread #2 starting
2024-10-07 06:57:33,DEBUG,DisconnectionThread #3 starting
2024-10-07 06:57:33,DEBUG,DisconnectionThread #4 starting
2024-10-07 06:57:33,DEBUG,DisconnectionThread #5 starting
2024-10-07 06:57:33,DEBUG,DisconnectionThread #6 starting
2024-10-07 06:57:33,DEBUG,DisconnectionThread #7 starting
2024-10-07 06:57:33,DEBUG,DisconnectionThread #8 starting
2024-10-07 06:57:33,INFO,Thread pools started
2024-10-07 06:57:43,INFO,Keyboard interrupt
2024-10-07 06:57:43,INFO,Stopping thread pools
2024-10-07 06:57:43,DEBUG,DetectionThreadPool has exceeded the interval time
2024-10-07 06:57:43,DEBUG,DetectionThreadPool finished
2024-10-07 06:57:43,DEBUG,DetectionThread #1 finished
2024-10-07 06:57:43,DEBUG,DetectionThread #2 finished
2024-10-07 06:57:43,DEBUG,DetectionThread #3 finished
2024-10-07 06:57:43,DEBUG,DetectionThread #4 finished
2024-10-07 06:57:43,DEBUG,DetectionThread #5 finished
2024-10-07 06:57:43,DEBUG,DetectionThread #6 finished
2024-10-07 06:57:43,DEBUG,DetectionThread #7 finished
2024-10-07 06:57:43,DEBUG,DetectionThread #8 finished
2024-10-07 06:57:43,DEBUG,InspectionThreadPool finished
2024-10-07 06:57:43,DEBUG,InspectionThread #1 finished
2024-10-07 06:57:43,DEBUG,InspectionThread #2 finished
2024-10-07 06:57:43,DEBUG,InspectionThread #3 finished
2024-10-07 06:57:43,DEBUG,InspectionThread #4 finished
2024-10-07 06:57:43,DEBUG,DownloadThreadPool finished
2024-10-07 06:57:43,DEBUG,DownloadThread #1 finished
2024-10-07 06:57:43,DEBUG,DownloadThread #2 finished
2024-10-07 06:57:43,DEBUG,DownloadThread #3 finished
2024-10-07 06:57:43,DEBUG,DownloadThread #4 finished
2024-10-07 06:57:43,DEBUG,DisconnectionThreadPool finished
2024-10-07 06:57:43,DEBUG,DisconnectionThread #1 finished
2024-10-07 06:57:43,DEBUG,DisconnectionThread #2 finished
2024-10-07 06:57:43,DEBUG,DisconnectionThread #3 finished
2024-10-07 06:57:43,DEBUG,DisconnectionThread #4 finished
2024-10-07 06:57:43,DEBUG,DisconnectionThread #5 finished
2024-10-07 06:57:43,DEBUG,DisconnectionThread #6 finished
2024-10-07 06:57:43,DEBUG,DisconnectionThread #7 finished
2024-10-07 06:57:43,DEBUG,DisconnectionThread #8 finished
2024-10-07 06:57:43,INFO,Thread pools stopped
2024-10-07 07:41:52,WARNING,Motion 618 assigned to multiple people on 20241012
2024-10-07 07:41:52,WARNING,Motion 618 assigned to multiple people on 20241013
2024-10-07 07:41:52,WARNING,Motion 618 assigned to multiple people on 20241014
2024-10-07 07:41:52,WARNING,Motion 618 assigned to multiple people on 20241015
2024-10-07 07:41:52,WARNING,Motion 618 assigned to multiple people on 20241016
2024-10-07 07:41:52,WARNING,Motion 618 assigned to multiple people on 20241017
2024-10-07 07:41:52,WARNING,Motion 618 assigned to multiple people on 20241018
2024-10-07 07:41:52,INFO,Starting thread pools
2024-10-07 07:41:52,DEBUG,DetectionThreadPool starting
2024-10-07 07:41:52,DEBUG,DetectionThread #1 starting
2024-10-07 07:41:52,DEBUG,DetectionThread #2 starting
2024-10-07 07:41:52,DEBUG,DetectionThread #3 starting
2024-10-07 07:41:52,DEBUG,DetectionThread #4 starting
2024-10-07 07:41:52,DEBUG,DetectionThread #5 starting
2024-10-07 07:41:52,DEBUG,DetectionThread #6 starting
2024-10-07 07:41:52,DEBUG,DetectionThread #7 starting
2024-10-07 07:41:52,DEBUG,DetectionThread #8 starting
2024-10-07 07:41:52,DEBUG,InspectionThreadPool starting
2024-10-07 07:41:52,DEBUG,InspectionThread #1 starting
2024-10-07 07:41:52,DEBUG,InspectionThread #2 starting
2024-10-07 07:41:52,DEBUG,InspectionThread #3 starting
2024-10-07 07:41:52,DEBUG,InspectionThread #4 starting
2024-10-07 07:41:52,DEBUG,DownloadThreadPool starting
2024-10-07 07:41:52,DEBUG,DownloadThread #1 starting
2024-10-07 07:41:52,DEBUG,DownloadThread #2 starting
2024-10-07 07:41:52,DEBUG,DownloadThread #3 starting
2024-10-07 07:41:52,DEBUG,DownloadThread #4 starting
2024-10-07 07:41:52,DEBUG,DisconnectionThreadPool starting
2024-10-07 07:41:52,DEBUG,DisconnectionThread #1 starting
2024-10-07 07:41:52,DEBUG,DisconnectionThread #2 starting
2024-10-07 07:41:52,DEBUG,DisconnectionThread #3 starting
2024-10-07 07:41:52,DEBUG,DisconnectionThread #4 starting
2024-10-07 07:41:52,DEBUG,DisconnectionThread #5 starting
2024-10-07 07:41:52,DEBUG,DisconnectionThread #6 starting
2024-10-07 07:41:52,DEBUG,DisconnectionThread #7 starting
2024-10-07 07:41:52,DEBUG,DisconnectionThread #8 starting
2024-10-07 07:41:52,INFO,Thread pools started
2024-10-07 07:41:55,INFO,Keyboard interrupt
2024-10-07 07:41:55,INFO,Stopping thread pools
2024-10-07 07:42:02,DEBUG,DetectionThreadPool has exceeded the interval time
2024-10-07 07:42:02,DEBUG,DetectionThreadPool finished
2024-10-07 07:42:02,DEBUG,DetectionThread #1 finished
2024-10-07 07:42:02,DEBUG,DetectionThread #2 finished
2024-10-07 07:42:02,DEBUG,DetectionThread #3 finished
2024-10-07 07:42:02,DEBUG,DetectionThread #4 finished
2024-10-07 07:42:02,DEBUG,DetectionThread #5 finished
2024-10-07 07:42:02,DEBUG,DetectionThread #6 finished
2024-10-07 07:42:02,DEBUG,DetectionThread #7 finished
2024-10-07 07:42:02,DEBUG,DetectionThread #8 finished
2024-10-07 07:42:02,DEBUG,InspectionThreadPool finished
2024-10-07 07:42:02,DEBUG,InspectionThread #1 finished
2024-10-07 07:42:02,DEBUG,InspectionThread #2 finished
2024-10-07 07:42:02,DEBUG,InspectionThread #3 finished
2024-10-07 07:42:02,DEBUG,InspectionThread #4 finished
2024-10-07 07:42:02,DEBUG,DownloadThreadPool finished
2024-10-07 07:42:02,DEBUG,DownloadThread #1 finished
2024-10-07 07:42:02,DEBUG,DownloadThread #2 finished
2024-10-07 07:42:02,DEBUG,DownloadThread #3 finished
2024-10-07 07:42:02,DEBUG,DownloadThread #4 finished
2024-10-07 07:42:02,DEBUG,DisconnectionThreadPool finished
2024-10-07 07:42:02,DEBUG,DisconnectionThread #1 finished
2024-10-07 07:42:02,DEBUG,DisconnectionThread #2 finished
2024-10-07 07:42:02,DEBUG,DisconnectionThread #3 finished
2024-10-07 07:42:02,DEBUG,DisconnectionThread #4 finished
2024-10-07 07:42:02,DEBUG,DisconnectionThread #5 finished
2024-10-07 07:42:02,DEBUG,DisconnectionThread #6 finished
2024-10-07 07:42:02,DEBUG,DisconnectionThread #7 finished
2024-10-07 07:42:02,DEBUG,DisconnectionThread #8 finished
2024-10-07 07:42:02,INFO,Thread pools stopped
2024-10-07 07:48:25,INFO,Starting thread pools
2024-10-07 07:48:25,DEBUG,DetectionThreadPool starting
2024-10-07 07:48:25,DEBUG,DetectionThread #1 starting
2024-10-07 07:48:25,DEBUG,DetectionThread #2 starting
2024-10-07 07:48:25,DEBUG,DetectionThread #3 starting
2024-10-07 07:48:25,DEBUG,DetectionThread #4 starting
2024-10-07 07:48:25,DEBUG,DetectionThread #5 starting
2024-10-07 07:48:25,DEBUG,DetectionThread #6 starting
2024-10-07 07:48:25,DEBUG,DetectionThread #7 starting
2024-10-07 07:48:25,DEBUG,DetectionThread #8 starting
2024-10-07 07:48:25,DEBUG,InspectionThreadPool starting
2024-10-07 07:48:25,DEBUG,InspectionThread #1 starting
2024-10-07 07:48:25,DEBUG,InspectionThread #2 starting
2024-10-07 07:48:25,DEBUG,InspectionThread #3 starting
2024-10-07 07:48:25,DEBUG,InspectionThread #4 starting
2024-10-07 07:48:25,DEBUG,DownloadThreadPool starting
2024-10-07 07:48:25,DEBUG,DownloadThread #1 starting
2024-10-07 07:48:25,DEBUG,DownloadThread #2 starting
2024-10-07 07:48:25,DEBUG,DownloadThread #3 starting
2024-10-07 07:48:25,DEBUG,DownloadThread #4 starting
2024-10-07 07:48:25,DEBUG,DisconnectionThreadPool starting
2024-10-07 07:48:25,DEBUG,DisconnectionThread #1 starting
2024-10-07 07:48:25,DEBUG,DisconnectionThread #2 starting
2024-10-07 07:48:25,DEBUG,DisconnectionThread #3 starting
2024-10-07 07:48:25,DEBUG,DisconnectionThread #4 starting
2024-10-07 07:48:25,DEBUG,DisconnectionThread #5 starting
2024-10-07 07:48:25,DEBUG,DisconnectionThread #6 starting
2024-10-07 07:48:25,DEBUG,DisconnectionThread #7 starting
2024-10-07 07:48:25,DEBUG,DisconnectionThread #8 starting
2024-10-07 07:48:25,INFO,Thread pools started
2024-10-07 07:48:27,INFO,Keyboard interrupt
2024-10-07 07:48:27,INFO,Stopping thread pools
2024-10-07 07:48:35,DEBUG,DetectionThreadPool has exceeded the interval time
2024-10-07 07:48:35,DEBUG,DetectionThreadPool finished
2024-10-07 07:48:35,DEBUG,DetectionThread #1 finished
2024-10-07 07:48:35,DEBUG,DetectionThread #2 finished
2024-10-07 07:48:35,DEBUG,DetectionThread #3 finished
2024-10-07 07:48:35,DEBUG,DetectionThread #4 finished
2024-10-07 07:48:35,DEBUG,DetectionThread #5 finished
2024-10-07 07:48:35,DEBUG,DetectionThread #6 finished
2024-10-07 07:48:35,DEBUG,DetectionThread #7 finished
2024-10-07 07:48:35,DEBUG,DetectionThread #8 finished
2024-10-07 07:48:35,DEBUG,InspectionThreadPool finished
2024-10-07 07:48:35,DEBUG,InspectionThread #1 finished
2024-10-07 07:48:35,DEBUG,InspectionThread #2 finished
2024-10-07 07:48:35,DEBUG,InspectionThread #3 finished
2024-10-07 07:48:35,DEBUG,InspectionThread #4 finished
2024-10-07 07:48:35,DEBUG,DownloadThreadPool finished
2024-10-07 07:48:35,DEBUG,DownloadThread #1 finished
2024-10-07 07:48:35,DEBUG,DownloadThread #2 finished
2024-10-07 07:48:35,DEBUG,DownloadThread #3 finished
2024-10-07 07:48:35,DEBUG,DownloadThread #4 finished
2024-10-07 07:48:35,DEBUG,DisconnectionThreadPool finished
2024-10-07 07:48:35,DEBUG,DisconnectionThread #1 finished
2024-10-07 07:48:35,DEBUG,DisconnectionThread #2 finished
2024-10-07 07:48:35,DEBUG,DisconnectionThread #3 finished
2024-10-07 07:48:35,DEBUG,DisconnectionThread #4 finished
2024-10-07 07:48:35,DEBUG,DisconnectionThread #5 finished
2024-10-07 07:48:35,DEBUG,DisconnectionThread #6 finished
2024-10-07 07:48:35,DEBUG,DisconnectionThread #7 finished
2024-10-07 07:48:35,DEBUG,DisconnectionThread #8 finished
2024-10-07 07:48:35,INFO,Thread pools stopped
2024-10-10 15:16:31,INFO,Starting thread pools
2024-10-10 15:16:31,DEBUG,DetectionThreadPool starting
2024-10-10 15:16:31,DEBUG,DetectionThread #1 starting
2024-10-10 15:16:31,DEBUG,DetectionThread #2 starting
2024-10-10 15:16:31,DEBUG,DetectionThread #3 starting
2024-10-10 15:16:31,DEBUG,DetectionThread #4 starting
2024-10-10 15:16:31,DEBUG,DetectionThread #5 starting
2024-10-10 15:16:31,DEBUG,DetectionThread #6 starting
2024-10-10 15:16:31,DEBUG,DetectionThread #7 starting
2024-10-10 15:16:31,DEBUG,DetectionThread #8 starting
2024-10-10 15:16:31,DEBUG,InspectionThreadPool starting
2024-10-10 15:16:31,DEBUG,InspectionThread #1 starting
2024-10-10 15:16:31,DEBUG,InspectionThread #2 starting
2024-10-10 15:16:31,DEBUG,InspectionThread #3 starting
2024-10-10 15:16:31,DEBUG,InspectionThread #4 starting
2024-10-10 15:16:31,DEBUG,DownloadThreadPool starting
2024-10-10 15:16:31,DEBUG,DownloadThread #1 starting
2024-10-10 15:16:31,DEBUG,DownloadThread #2 starting
2024-10-10 15:16:31,DEBUG,DownloadThread #3 starting
2024-10-10 15:16:31,DEBUG,DownloadThread #4 starting
2024-10-10 15:16:31,DEBUG,DisconnectionThreadPool starting
2024-10-10 15:16:31,DEBUG,DisconnectionThread #1 starting
2024-10-10 15:16:31,DEBUG,DisconnectionThread #2 starting
2024-10-10 15:16:31,DEBUG,DisconnectionThread #3 starting
2024-10-10 15:16:31,DEBUG,DisconnectionThread #4 starting
2024-10-10 15:16:31,DEBUG,DisconnectionThread #5 starting
2024-10-10 15:16:31,DEBUG,DisconnectionThread #6 starting
2024-10-10 15:16:31,DEBUG,DisconnectionThread #7 starting
2024-10-10 15:16:31,DEBUG,DisconnectionThread #8 starting
2024-10-10 15:16:31,INFO,Thread pools started
2024-10-10 15:16:46,DEBUG,DetectionThreadPool has exceeded the interval time
2024-10-10 15:16:56,DEBUG,DetectionThreadPool has exceeded the interval time
2024-10-10 15:17:01,DEBUG,motion-827 detected at 192.168.0.100
2024-10-10 15:17:01,INFO,motion-827 is connected
2024-10-10 15:17:02,WARNING,motion-827 firmware is not approved (9010 (3232) Weymouth SW)
2024-10-10 15:17:02,DEBUG,motion-827 storage is 0% full
2024-10-10 15:17:02,INFO,motion-827 battery level is 82%
2024-10-10 15:17:03,INFO,motion-827 827_827_20241010_154819.oao queued - 0.2 MiB, 0.5 hours, 8.5 km, 37.7 knots (500m)
2024-10-10 15:17:03,INFO,motion-827 827_827_20241010_154819.oao downloaded - 0.2 MiB, 0.5 hours, 8.5 km, 37.7 knots (500m)
2024-10-10 15:17:03,INFO,motion-827 can be disconnected
2024-10-10 15:17:15,INFO,Keyboard interrupt
2024-10-10 15:17:15,INFO,Stopping thread pools
2024-10-10 15:17:15,DEBUG,DetectionThreadPool finished
2024-10-10 15:17:16,DEBUG,DetectionThread #1 finished
2024-10-10 15:17:16,DEBUG,DetectionThread #2 finished
2024-10-10 15:17:16,DEBUG,DetectionThread #3 finished
2024-10-10 15:17:16,DEBUG,DetectionThread #4 finished
2024-10-10 15:17:16,DEBUG,DetectionThread #5 finished
2024-10-10 15:17:16,DEBUG,DetectionThread #6 finished
2024-10-10 15:17:16,DEBUG,DetectionThread #7 finished
2024-10-10 15:17:16,DEBUG,DetectionThread #8 finished
2024-10-10 15:17:16,DEBUG,InspectionThreadPool finished
2024-10-10 15:17:16,DEBUG,InspectionThread #1 finished
2024-10-10 15:17:16,DEBUG,InspectionThread #2 finished
2024-10-10 15:17:16,DEBUG,InspectionThread #3 finished
2024-10-10 15:17:16,DEBUG,InspectionThread #4 finished
2024-10-10 15:17:16,DEBUG,DownloadThreadPool finished
2024-10-10 15:17:16,DEBUG,DownloadThread #1 finished
2024-10-10 15:17:16,DEBUG,DownloadThread #2 finished
2024-10-10 15:17:16,DEBUG,DownloadThread #3 finished
2024-10-10 15:17:16,DEBUG,DownloadThread #4 finished
2024-10-10 15:17:16,DEBUG,DisconnectionThreadPool finished
2024-10-10 15:17:16,DEBUG,DisconnectionThread #1 finished
2024-10-10 15:17:16,DEBUG,DisconnectionThread #2 finished
2024-10-10 15:17:16,DEBUG,DisconnectionThread #3 finished
2024-10-10 15:17:16,DEBUG,DisconnectionThread #4 finished
2024-10-10 15:17:16,DEBUG,DisconnectionThread #5 finished
2024-10-10 15:17:16,DEBUG,DisconnectionThread #6 finished
2024-10-10 15:17:16,DEBUG,DisconnectionThread #7 finished
2024-10-10 15:17:16,DEBUG,DisconnectionThread #8 finished
2024-10-10 15:17:16,INFO,Thread pools stopped
2024-10-10 15:18:04,INFO,Starting thread pools
2024-10-10 15:18:04,DEBUG,DetectionThreadPool starting
2024-10-10 15:18:04,DEBUG,DetectionThread #1 starting
2024-10-10 15:18:04,DEBUG,DetectionThread #2 starting
2024-10-10 15:18:04,DEBUG,DetectionThread #3 starting
2024-10-10 15:18:04,DEBUG,DetectionThread #4 starting
2024-10-10 15:18:04,DEBUG,DetectionThread #5 starting
2024-10-10 15:18:04,DEBUG,DetectionThread #6 starting
2024-10-10 15:18:04,DEBUG,DetectionThread #7 starting
2024-10-10 15:18:04,DEBUG,DetectionThread #8 starting
2024-10-10 15:18:04,DEBUG,InspectionThreadPool starting
2024-10-10 15:18:04,DEBUG,InspectionThread #1 starting
2024-10-10 15:18:04,DEBUG,InspectionThread #2 starting
2024-10-10 15:18:04,DEBUG,InspectionThread #3 starting
2024-10-10 15:18:04,DEBUG,InspectionThread #4 starting
2024-10-10 15:18:04,DEBUG,DownloadThreadPool starting
2024-10-10 15:18:04,DEBUG,DownloadThread #1 starting
2024-10-10 15:18:04,DEBUG,DownloadThread #2 starting
2024-10-10 15:18:04,DEBUG,DownloadThread #3 starting
2024-10-10 15:18:04,DEBUG,DownloadThread #4 starting
2024-10-10 15:18:04,DEBUG,DisconnectionThreadPool starting
2024-10-10 15:18:04,DEBUG,DisconnectionThread #1 starting
2024-10-10 15:18:04,DEBUG,DisconnectionThread #2 starting
2024-10-10 15:18:04,DEBUG,DisconnectionThread #3 starting
2024-10-10 15:18:04,DEBUG,DisconnectionThread #4 starting
2024-10-10 15:18:04,DEBUG,DisconnectionThread #5 starting
2024-10-10 15:18:04,DEBUG,DisconnectionThread #6 starting
2024-10-10 15:18:04,DEBUG,DisconnectionThread #7 starting
2024-10-10 15:18:04,DEBUG,DisconnectionThread #8 starting
2024-10-10 15:18:04,INFO,Thread pools started
2024-10-10 15:18:04,DEBUG,motion-827 detected at 192.168.0.100
2024-10-10 15:18:04,INFO,motion-827 is connected
2024-10-10 15:18:05,WARNING,motion-827 firmware is not approved (9010 (3232) Weymouth SW)
2024-10-10 15:18:05,DEBUG,motion-827 storage is 0% full
2024-10-10 15:18:05,INFO,motion-827 battery level is 82%
2024-10-10 15:18:05,INFO,motion-827 can be disconnected
2024-10-10 15:18:12,INFO,Keyboard interrupt
2024-10-10 15:18:12,INFO,Stopping thread pools
2024-10-10 15:18:12,DEBUG,DetectionThreadPool finished
2024-10-10 15:18:12,DEBUG,DetectionThread #1 finished
2024-10-10 15:18:12,DEBUG,DetectionThread #2 finished
2024-10-10 15:18:12,DEBUG,DetectionThread #3 finished
2024-10-10 15:18:12,DEBUG,DetectionThread #4 finished
2024-10-10 15:18:12,DEBUG,DetectionThread #5 finished
2024-10-10 15:18:12,DEBUG,DetectionThread #6 finished
2024-10-10 15:18:12,DEBUG,DetectionThread #7 finished
2024-10-10 15:18:12,DEBUG,DetectionThread #8 finished
2024-10-10 15:18:12,DEBUG,InspectionThreadPool finished
2024-10-10 15:18:12,DEBUG,InspectionThread #1 finished
2024-10-10 15:18:12,DEBUG,InspectionThread #2 finished
2024-10-10 15:18:12,DEBUG,InspectionThread #3 finished
2024-10-10 15:18:12,DEBUG,InspectionThread #4 finished
2024-10-10 15:18:12,DEBUG,DownloadThreadPool finished
2024-10-10 15:18:12,DEBUG,DownloadThread #1 finished
2024-10-10 15:18:12,DEBUG,DownloadThread #2 finished
2024-10-10 15:18:12,DEBUG,DownloadThread #3 finished
2024-10-10 15:18:12,DEBUG,DownloadThread #4 finished
2024-10-10 15:18:12,DEBUG,DisconnectionThreadPool finished
2024-10-10 15:18:12,DEBUG,DisconnectionThread #1 finished
2024-10-10 15:18:12,DEBUG,DisconnectionThread #2 finished
2024-10-10 15:18:12,DEBUG,DisconnectionThread #3 finished
2024-10-10 15:18:12,DEBUG,DisconnectionThread #4 finished
2024-10-10 15:18:12,DEBUG,DisconnectionThread #5 finished
2024-10-10 15:18:12,DEBUG,DisconnectionThread #6 finished
2024-10-10 15:18:12,DEBUG,DisconnectionThread #7 finished
2024-10-10 15:18:12,DEBUG,DisconnectionThread #8 finished
2024-10-10 15:18:12,INFO,Thread pools stopped
2024-10-10 15:18:34,INFO,Starting thread pools
2024-10-10 15:18:34,DEBUG,DetectionThreadPool starting
2024-10-10 15:18:34,DEBUG,DetectionThread #1 starting
2024-10-10 15:18:34,DEBUG,DetectionThread #2 starting
2024-10-10 15:18:34,DEBUG,DetectionThread #3 starting
2024-10-10 15:18:34,DEBUG,DetectionThread #4 starting
2024-10-10 15:18:34,DEBUG,DetectionThread #5 starting
2024-10-10 15:18:34,DEBUG,DetectionThread #6 starting
2024-10-10 15:18:34,DEBUG,DetectionThread #7 starting
2024-10-10 15:18:34,DEBUG,DetectionThread #8 starting
2024-10-10 15:18:34,DEBUG,InspectionThreadPool starting
2024-10-10 15:18:34,DEBUG,InspectionThread #1 starting
2024-10-10 15:18:34,DEBUG,InspectionThread #2 starting
2024-10-10 15:18:34,DEBUG,InspectionThread #3 starting
2024-10-10 15:18:34,DEBUG,InspectionThread #4 starting
2024-10-10 15:18:34,DEBUG,DownloadThreadPool starting
2024-10-10 15:18:34,DEBUG,DownloadThread #1 starting
2024-10-10 15:18:34,DEBUG,DownloadThread #2 starting
2024-10-10 15:18:34,DEBUG,DownloadThread #3 starting
2024-10-10 15:18:34,DEBUG,DownloadThread #4 starting
2024-10-10 15:18:34,DEBUG,DisconnectionThreadPool starting
2024-10-10 15:18:34,DEBUG,DisconnectionThread #1 starting
2024-10-10 15:18:34,DEBUG,DisconnectionThread #2 starting
2024-10-10 15:18:34,DEBUG,DisconnectionThread #3 starting
2024-10-10 15:18:34,DEBUG,DisconnectionThread #4 starting
2024-10-10 15:18:34,DEBUG,DisconnectionThread #5 starting
2024-10-10 15:18:34,DEBUG,DisconnectionThread #6 starting
2024-10-10 15:18:34,DEBUG,DisconnectionThread #7 starting
2024-10-10 15:18:34,DEBUG,DisconnectionThread #8 starting
2024-10-10 15:18:34,INFO,Thread pools started
2024-10-10 15:18:34,DEBUG,motion-827 detected at 192.168.0.100
2024-10-10 15:18:34,INFO,motion-827 is connected
2024-10-10 15:18:34,DEBUG,motion-827 firmware is approved (9010 (3232) Weymouth SW)
2024-10-10 15:18:34,DEBUG,motion-827 storage is 0% full
2024-10-10 15:18:34,INFO,motion-827 battery level is 82%
2024-10-10 15:18:35,INFO,motion-827 can be disconnected
2024-10-10 15:18:37,INFO,Keyboard interrupt
2024-10-10 15:18:37,INFO,Stopping thread pools
2024-10-10 15:18:37,DEBUG,DetectionThreadPool finished
2024-10-10 15:18:38,DEBUG,DetectionThread #1 finished
2024-10-10 15:18:38,DEBUG,DetectionThread #2 finished
2024-10-10 15:18:38,DEBUG,DetectionThread #3 finished
2024-10-10 15:18:38,DEBUG,DetectionThread #4 finished
2024-10-10 15:18:38,DEBUG,DetectionThread #5 finished
2024-10-10 15:18:38,DEBUG,DetectionThread #6 finished
2024-10-10 15:18:38,DEBUG,DetectionThread #7 finished
2024-10-10 15:18:38,DEBUG,DetectionThread #8 finished
2024-10-10 15:18:38,DEBUG,InspectionThreadPool finished
2024-10-10 15:18:38,DEBUG,InspectionThread #1 finished
2024-10-10 15:18:38,DEBUG,InspectionThread #2 finished
2024-10-10 15:18:38,DEBUG,InspectionThread #3 finished
2024-10-10 15:18:38,DEBUG,InspectionThread #4 finished
2024-10-10 15:18:38,DEBUG,DownloadThreadPool finished
2024-10-10 15:18:38,DEBUG,DownloadThread #1 finished
2024-10-10 15:18:38,DEBUG,DownloadThread #2 finished
2024-10-10 15:18:38,DEBUG,DownloadThread #3 finished
2024-10-10 15:18:38,DEBUG,DownloadThread #4 finished
2024-10-10 15:18:38,DEBUG,DisconnectionThreadPool finished
2024-10-10 15:18:38,DEBUG,DisconnectionThread #1 finished
2024-10-10 15:18:38,DEBUG,DisconnectionThread #2 finished
2024-10-10 15:18:38,DEBUG,DisconnectionThread #3 finished
2024-10-10 15:18:38,DEBUG,DisconnectionThread #4 finished
2024-10-10 15:18:38,DEBUG,DisconnectionThread #5 finished
2024-10-10 15:18:38,DEBUG,DisconnectionThread #6 finished
2024-10-10 15:18:38,DEBUG,DisconnectionThread #7 finished
2024-10-10 15:18:38,DEBUG,DisconnectionThread #8 finished
2024-10-10 15:18:38,INFO,Thread pools stopped
2024-10-10 15:18:50,INFO,Starting thread pools
2024-10-10 15:18:50,DEBUG,DetectionThreadPool starting
2024-10-10 15:18:50,DEBUG,DetectionThread #1 starting
2024-10-10 15:18:50,DEBUG,DetectionThread #2 starting
2024-10-10 15:18:50,DEBUG,DetectionThread #3 starting
2024-10-10 15:18:50,DEBUG,DetectionThread #4 starting
2024-10-10 15:18:50,DEBUG,DetectionThread #5 starting
2024-10-10 15:18:50,DEBUG,DetectionThread #6 starting
2024-10-10 15:18:50,DEBUG,DetectionThread #7 starting
2024-10-10 15:18:50,DEBUG,DetectionThread #8 starting
2024-10-10 15:18:50,DEBUG,InspectionThreadPool starting
2024-10-10 15:18:50,DEBUG,InspectionThread #1 starting
2024-10-10 15:18:50,DEBUG,InspectionThread #2 starting
2024-10-10 15:18:50,DEBUG,InspectionThread #3 starting
2024-10-10 15:18:50,DEBUG,InspectionThread #4 starting
2024-10-10 15:18:50,DEBUG,DownloadThreadPool starting
2024-10-10 15:18:50,DEBUG,DownloadThread #1 starting
2024-10-10 15:18:50,DEBUG,DownloadThread #2 starting
2024-10-10 15:18:50,DEBUG,DownloadThread #3 starting
2024-10-10 15:18:50,DEBUG,DownloadThread #4 starting
2024-10-10 15:18:50,DEBUG,DisconnectionThreadPool starting
2024-10-10 15:18:50,DEBUG,DisconnectionThread #1 starting
2024-10-10 15:18:50,DEBUG,DisconnectionThread #2 starting
2024-10-10 15:18:50,DEBUG,DisconnectionThread #3 starting
2024-10-10 15:18:50,DEBUG,DisconnectionThread #4 starting
2024-10-10 15:18:50,DEBUG,DisconnectionThread #5 starting
2024-10-10 15:18:50,DEBUG,DisconnectionThread #6 starting
2024-10-10 15:18:50,DEBUG,DisconnectionThread #7 starting
2024-10-10 15:18:50,DEBUG,DisconnectionThread #8 starting
2024-10-10 15:18:50,INFO,Thread pools started
2024-10-10 15:18:50,DEBUG,motion-827 detected at 192.168.0.100
2024-10-10 15:18:50,INFO,motion-827 is connected
2024-10-10 15:18:51,DEBUG,motion-827 firmware is approved (9010 (3232) Weymouth SW)
2024-10-10 15:18:51,DEBUG,motion-827 storage is 0% full
2024-10-10 15:18:51,INFO,motion-827 battery level is 82%
2024-10-10 15:18:51,INFO,motion-827 can be disconnected
2024-10-10 15:19:15,DEBUG,motion-827 has been disconnected
2024-10-10 15:19:20,DEBUG,motion-827 detected at 192.168.0.100
2024-10-10 15:19:21,DEBUG,motion-827 not accepting connections
2024-10-10 15:19:25,DEBUG,motion-827 detected at 192.168.0.100
2024-10-10 15:19:26,DEBUG,motion-827 not accepting connections
2024-10-10 15:19:30,DEBUG,motion-827 detected at 192.168.0.100
2024-10-10 15:19:31,DEBUG,motion-827 not accepting connections
2024-10-10 15:19:35,DEBUG,motion-827 detected at 192.168.0.100
2024-10-10 15:19:36,DEBUG,motion-827 not accepting connections
2024-10-10 15:19:44,DEBUG,motion-935 detected at 192.168.0.182
2024-10-10 15:19:44,DEBUG,motion-827 detected at 192.168.0.100
2024-10-10 15:19:44,INFO,motion-935 is connected
2024-10-10 15:19:45,DEBUG,motion-827 not accepting connections
2024-10-10 15:19:45,DEBUG,motion-935 firmware is approved (9010 (3232) Weymouth SW)
2024-10-10 15:19:45,DEBUG,motion-935 storage is 0% full
2024-10-10 15:19:45,INFO,motion-935 battery level is 83%
2024-10-10 15:19:45,INFO,motion-935 935_935_20241010_154843.oao queued - 0.2 MiB, 0.5 hours, 8.2 km, 37.7 knots (500m)
2024-10-10 15:19:45,DEBUG,motion-1040 detected at 192.168.0.186
2024-10-10 15:19:45,DEBUG,motion-827 detected at 192.168.0.100
2024-10-10 15:19:46,INFO,motion-935 935_935_20241010_154843.oao downloaded - 0.2 MiB, 0.5 hours, 8.2 km, 37.7 knots (500m)
2024-10-10 15:19:46,INFO,motion-935 can be disconnected
2024-10-10 15:19:46,DEBUG,motion-1040 not accepting connections
2024-10-10 15:19:46,DEBUG,motion-827 not accepting connections
2024-10-10 15:19:50,DEBUG,motion-1040 detected at 192.168.0.186
2024-10-10 15:19:50,INFO,motion-1040 is connected
2024-10-10 15:19:51,DEBUG,motion-1040 firmware is approved (9010 (3232) Weymouth SW)
2024-10-10 15:19:51,DEBUG,motion-1040 storage is 0% full
2024-10-10 15:19:51,INFO,motion-1040 battery level is 99%
2024-10-10 15:19:51,INFO,motion-1040 1040_1040_20241010_154851.oao queued - 0.2 MiB, 0.5 hours, 8.2 km, 37.7 knots (500m)
2024-10-10 15:19:52,INFO,motion-1040 1040_1040_20241010_154851.oao downloaded - 0.2 MiB, 0.5 hours, 8.2 km, 37.7 knots (500m)
2024-10-10 15:19:52,INFO,motion-1040 can be disconnected
2024-10-10 15:20:00,DEBUG,motion-978 detected at 192.168.0.104
2024-10-10 15:20:00,INFO,motion-978 is connected
2024-10-10 15:20:01,DEBUG,motion-978 firmware is approved (9010 (3232) Weymouth SW)
2024-10-10 15:20:01,DEBUG,motion-978 storage is 0% full
2024-10-10 15:20:01,INFO,motion-978 battery level is 75%
2024-10-10 15:20:01,INFO,motion-978 978_978_20241010_154859.oao queued - 0.2 MiB, 0.5 hours, 8.1 km, 37.7 knots (500m)
2024-10-10 15:20:03,INFO,motion-978 978_978_20241010_154859.oao downloaded - 0.2 MiB, 0.5 hours, 8.1 km, 37.7 knots (500m)
2024-10-10 15:20:03,INFO,motion-978 can be disconnected
2024-10-10 15:20:25,DEBUG,motion-1020 detected at 192.168.0.222
2024-10-10 15:20:26,INFO,motion-1020 is connected
2024-10-10 15:20:26,DEBUG,motion-1020 firmware is approved (9010 (3232) Weymouth SW)
2024-10-10 15:20:26,DEBUG,motion-1020 storage is 0% full
2024-10-10 15:20:26,INFO,motion-1020 battery level is 84%
2024-10-10 15:20:26,INFO,motion-1020 1020_1020_20241010_154829.oao queued - 0.2 MiB, 0.5 hours, 8.3 km, 37.7 knots (500m)
2024-10-10 15:20:27,INFO,motion-1020 1020_1020_20241010_154829.oao downloaded - 0.2 MiB, 0.5 hours, 8.3 km, 37.7 knots (500m)
2024-10-10 15:20:27,INFO,motion-1020 can be disconnected
2024-10-10 15:20:55,DEBUG,motion-1040 has been disconnected
2024-10-10 15:21:00,DEBUG,motion-1040 detected at 192.168.0.186
2024-10-10 15:21:01,DEBUG,motion-1040 not accepting connections
2024-10-10 15:21:05,DEBUG,motion-1020 has been disconnected
2024-10-10 15:21:05,DEBUG,motion-935 has been disconnected
2024-10-10 15:21:05,DEBUG,motion-1040 detected at 192.168.0.186
2024-10-10 15:21:06,DEBUG,motion-1040 not accepting connections
2024-10-10 15:21:10,DEBUG,motion-1040 detected at 192.168.0.186
2024-10-10 15:21:10,DEBUG,motion-1020 detected at 192.168.0.222
2024-10-10 15:21:10,DEBUG,motion-935 detected at 192.168.0.182
2024-10-10 15:21:11,DEBUG,motion-1040 not accepting connections
2024-10-10 15:21:11,DEBUG,motion-1020 not accepting connections
2024-10-10 15:21:11,DEBUG,motion-935 not accepting connections
2024-10-10 15:21:15,DEBUG,motion-978 has been disconnected
2024-10-10 15:21:15,DEBUG,motion-935 detected at 192.168.0.182
2024-10-10 15:21:15,DEBUG,motion-1020 detected at 192.168.0.222
2024-10-10 15:21:15,DEBUG,motion-978 detected at 192.168.0.104
2024-10-10 15:21:16,DEBUG,motion-935 not accepting connections
2024-10-10 15:21:16,DEBUG,motion-1020 not accepting connections
2024-10-10 15:21:16,DEBUG,motion-978 not accepting connections
2024-10-10 15:21:20,DEBUG,motion-1020 detected at 192.168.0.222
2024-10-10 15:21:20,DEBUG,motion-935 detected at 192.168.0.182
2024-10-10 15:21:20,DEBUG,motion-978 detected at 192.168.0.104
2024-10-10 15:21:21,DEBUG,motion-935 not accepting connections
2024-10-10 15:21:21,DEBUG,motion-1020 not accepting connections
2024-10-10 15:21:21,DEBUG,motion-978 not accepting connections
2024-10-10 15:21:25,DEBUG,motion-935 detected at 192.168.0.182
2024-10-10 15:21:25,DEBUG,motion-1020 detected at 192.168.0.222
2024-10-10 15:21:25,DEBUG,motion-978 detected at 192.168.0.104
2024-10-10 15:21:26,DEBUG,motion-935 not accepting connections
2024-10-10 15:21:26,DEBUG,motion-1020 not accepting connections
2024-10-10 15:21:26,DEBUG,motion-978 not accepting connections
2024-10-10 15:21:30,DEBUG,motion-1020 detected at 192.168.0.222
2024-10-10 15:21:30,DEBUG,motion-950 detected at 192.168.0.100
2024-10-10 15:21:30,DEBUG,motion-935 detected at 192.168.0.182
2024-10-10 15:21:30,DEBUG,motion-978 detected at 192.168.0.104
2024-10-10 15:21:31,INFO,motion-950 is connected
2024-10-10 15:21:31,DEBUG,motion-950 firmware is approved (9010 (3232) Weymouth SW)
2024-10-10 15:21:31,DEBUG,motion-950 storage is 0% full
2024-10-10 15:21:31,INFO,motion-950 battery level is 71%
2024-10-10 15:21:31,DEBUG,motion-1020 not accepting connections
2024-10-10 15:21:31,DEBUG,motion-935 not accepting connections
2024-10-10 15:21:31,DEBUG,motion-978 not accepting connections
2024-10-10 15:21:32,INFO,motion-950 950_950_20241010_154843.oao queued - 0.2 MiB, 0.5 hours, 8.2 km, 37.7 knots (500m)
2024-10-10 15:21:32,INFO,motion-950 950_950_20241010_154843.oao downloaded - 0.2 MiB, 0.5 hours, 8.2 km, 37.7 knots (500m)
2024-10-10 15:21:32,INFO,motion-950 can be disconnected
2024-10-10 15:21:35,DEBUG,motion-1020 detected at 192.168.0.222
2024-10-10 15:21:35,DEBUG,motion-935 detected at 192.168.0.182
2024-10-10 15:21:35,DEBUG,motion-978 detected at 192.168.0.104
2024-10-10 15:21:35,DEBUG,motion-1033 detected at 192.168.0.158
2024-10-10 15:21:36,INFO,motion-1033 is connected
2024-10-10 15:21:36,DEBUG,motion-1033 firmware is approved (9010 (3232) Weymouth SW)
2024-10-10 15:21:36,DEBUG,motion-1033 storage is 0% full
2024-10-10 15:21:36,INFO,motion-1033 battery level is 99%
2024-10-10 15:21:36,DEBUG,motion-1020 not accepting connections
2024-10-10 15:21:36,DEBUG,motion-935 not accepting connections
2024-10-10 15:21:36,DEBUG,motion-978 not accepting connections
2024-10-10 15:21:36,INFO,motion-1033 1033_1033_20241010_154909.oao queued - 0.2 MiB, 0.5 hours, 7.9 km, 37.7 knots (500m)
2024-10-10 15:21:37,INFO,motion-1033 1033_1033_20241010_154909.oao downloaded - 0.2 MiB, 0.5 hours, 7.9 km, 37.7 knots (500m)
2024-10-10 15:21:37,INFO,motion-1033 can be disconnected
2024-10-10 15:21:40,DEBUG,motion-1020 detected at 192.168.0.222
2024-10-10 15:21:40,DEBUG,motion-1035 detected at 192.168.0.150
2024-10-10 15:21:41,INFO,motion-1035 is connected
2024-10-10 15:21:41,DEBUG,motion-1035 firmware is approved (9010 (3232) Weymouth SW)
2024-10-10 15:21:41,DEBUG,motion-1035 storage is 0% full
2024-10-10 15:21:41,INFO,motion-1035 battery level is 99%
2024-10-10 15:21:41,INFO,motion-1035 1035_1035_20241010_155003.oao queued - 0.2 MiB, 0.5 hours, 7.3 km, 37.7 knots (500m)
2024-10-10 15:21:41,DEBUG,motion-1020 not accepting connections
2024-10-10 15:21:42,INFO,motion-1035 1035_1035_20241010_155003.oao downloaded - 0.2 MiB, 0.5 hours, 7.3 km, 37.7 knots (500m)
2024-10-10 15:21:42,INFO,motion-1035 can be disconnected
2024-10-10 15:21:45,DEBUG,motion-1020 detected at 192.168.0.222
2024-10-10 15:21:45,DEBUG,motion-1037 detected at 192.168.0.146
2024-10-10 15:21:45,INFO,motion-1037 is connected
2024-10-10 15:21:46,DEBUG,motion-1037 firmware is approved (9010 (3232) Weymouth SW)
2024-10-10 15:21:46,DEBUG,motion-1037 storage is 0% full
2024-10-10 15:21:46,INFO,motion-1037 battery level is 99%
2024-10-10 15:21:46,INFO,motion-1037 1037_1037_20241010_154839.oao queued - 0.2 MiB, 0.5 hours, 8.3 km, 37.7 knots (500m)
2024-10-10 15:21:46,DEBUG,motion-1020 not accepting connections
2024-10-10 15:21:47,INFO,motion-1037 1037_1037_20241010_154839.oao downloaded - 0.2 MiB, 0.5 hours, 8.3 km, 37.7 knots (500m)
2024-10-10 15:21:47,INFO,motion-1037 can be disconnected
2024-10-10 15:21:50,DEBUG,motion-1020 detected at 192.168.0.222
2024-10-10 15:21:51,DEBUG,motion-1020 not accepting connections
2024-10-10 15:22:45,DEBUG,motion-1035 has been disconnected
2024-10-10 15:22:45,DEBUG,motion-1037 has been disconnected
2024-10-10 15:22:45,DEBUG,motion-950 has been disconnected
2024-10-10 15:22:45,DEBUG,motion-950 detected at 192.168.0.100
2024-10-10 15:22:45,DEBUG,motion-1035 detected at 192.168.0.150
2024-10-10 15:22:45,DEBUG,motion-1037 detected at 192.168.0.146
2024-10-10 15:22:46,DEBUG,motion-950 not accepting connections
2024-10-10 15:22:46,DEBUG,motion-1035 not accepting connections
2024-10-10 15:22:46,DEBUG,motion-1037 not accepting connections
2024-10-10 15:22:50,DEBUG,motion-950 detected at 192.168.0.100
2024-10-10 15:22:50,DEBUG,motion-1035 detected at 192.168.0.150
2024-10-10 15:22:50,DEBUG,motion-1037 detected at 192.168.0.146
2024-10-10 15:22:51,DEBUG,motion-950 not accepting connections
2024-10-10 15:22:51,DEBUG,motion-1035 not accepting connections
2024-10-10 15:22:51,DEBUG,motion-1037 not accepting connections
2024-10-10 15:22:55,DEBUG,motion-1033 has been disconnected
2024-10-10 15:22:55,DEBUG,motion-950 detected at 192.168.0.100
2024-10-10 15:22:55,DEBUG,motion-1035 detected at 192.168.0.150
2024-10-10 15:22:55,DEBUG,motion-1033 detected at 192.168.0.158
2024-10-10 15:22:55,DEBUG,motion-1037 detected at 192.168.0.146
2024-10-10 15:22:56,DEBUG,motion-950 not accepting connections
2024-10-10 15:22:56,DEBUG,motion-1035 not accepting connections
2024-10-10 15:22:56,DEBUG,motion-1037 not accepting connections
2024-10-10 15:22:56,DEBUG,motion-1033 not accepting connections
2024-10-10 15:23:00,DEBUG,motion-950 detected at 192.168.0.100
2024-10-10 15:23:00,DEBUG,motion-1035 detected at 192.168.0.150
2024-10-10 15:23:00,DEBUG,motion-1033 detected at 192.168.0.158
2024-10-10 15:23:00,DEBUG,motion-1037 detected at 192.168.0.146
2024-10-10 15:23:01,DEBUG,motion-950 not accepting connections
2024-10-10 15:23:01,DEBUG,motion-1035 not accepting connections
2024-10-10 15:23:01,DEBUG,motion-1033 not accepting connections
2024-10-10 15:23:01,DEBUG,motion-1037 not accepting connections
2024-10-10 15:23:05,DEBUG,motion-950 detected at 192.168.0.100
2024-10-10 15:23:05,DEBUG,motion-1035 detected at 192.168.0.150
2024-10-10 15:23:05,DEBUG,motion-979 detected at 192.168.0.132
2024-10-10 15:23:05,DEBUG,motion-1033 detected at 192.168.0.158
2024-10-10 15:23:05,DEBUG,motion-1037 detected at 192.168.0.146
2024-10-10 15:23:05,INFO,motion-979 is connected
2024-10-10 15:23:06,DEBUG,motion-979 firmware is approved (9010 (3232) Weymouth SW)
2024-10-10 15:23:06,DEBUG,motion-979 storage is 0% full
2024-10-10 15:23:06,INFO,motion-979 battery level is 85%
2024-10-10 15:23:06,INFO,motion-979 979_979_20241010_154829.oao queued - 0.2 MiB, 0.6 hours, 8.4 km, 37.7 knots (500m)
2024-10-10 15:23:06,DEBUG,motion-950 not accepting connections
2024-10-10 15:23:06,DEBUG,motion-1035 not accepting connections
2024-10-10 15:23:06,DEBUG,motion-1033 not accepting connections
2024-10-10 15:23:06,DEBUG,motion-1037 not accepting connections
2024-10-10 15:23:06,INFO,motion-979 979_979_20241010_154829.oao downloaded - 0.2 MiB, 0.6 hours, 8.4 km, 37.7 knots (500m)
2024-10-10 15:23:06,INFO,motion-979 can be disconnected
2024-10-10 15:23:10,DEBUG,motion-950 detected at 192.168.0.100
2024-10-10 15:23:10,DEBUG,motion-1033 detected at 192.168.0.158
2024-10-10 15:23:10,DEBUG,motion-1037 detected at 192.168.0.146
2024-10-10 15:23:11,DEBUG,motion-950 not accepting connections
2024-10-10 15:23:11,DEBUG,motion-1037 not accepting connections
2024-10-10 15:23:11,DEBUG,motion-1033 not accepting connections
2024-10-10 15:23:15,DEBUG,motion-950 detected at 192.168.0.100
2024-10-10 15:23:15,DEBUG,motion-1033 detected at 192.168.0.158
2024-10-10 15:23:16,DEBUG,motion-950 not accepting connections
2024-10-10 15:23:16,DEBUG,motion-1033 not accepting connections
2024-10-10 15:23:20,DEBUG,motion-950 detected at 192.168.0.100
2024-10-10 15:23:20,DEBUG,motion-1033 detected at 192.168.0.158
2024-10-10 15:23:20,DEBUG,motion-1042 detected at 192.168.0.178
2024-10-10 15:23:21,INFO,motion-1042 is connected
2024-10-10 15:23:21,DEBUG,motion-1042 firmware is approved (9010 (3232) Weymouth SW)
2024-10-10 15:23:21,DEBUG,motion-1042 storage is 0% full
2024-10-10 15:23:21,INFO,motion-1042 battery level is 99%
2024-10-10 15:23:21,DEBUG,motion-950 not accepting connections
2024-10-10 15:23:21,DEBUG,motion-1033 not accepting connections
2024-10-10 15:23:22,INFO,motion-1042 1042_1042_20241010_154931.oao queued - 0.2 MiB, 0.6 hours, 7.8 km, 37.7 knots (500m)
2024-10-10 15:23:22,INFO,motion-1042 1042_1042_20241010_154931.oao downloaded - 0.2 MiB, 0.6 hours, 7.8 km, 37.7 knots (500m)
2024-10-10 15:23:22,INFO,motion-1042 can be disconnected
2024-10-10 15:23:25,DEBUG,motion-950 detected at 192.168.0.100
2024-10-10 15:23:25,DEBUG,motion-1033 detected at 192.168.0.158
2024-10-10 15:23:26,DEBUG,motion-950 not accepting connections
2024-10-10 15:23:26,DEBUG,motion-1033 not accepting connections
2024-10-10 15:24:05,DEBUG,motion-1042 has been disconnected
2024-10-10 15:24:05,DEBUG,motion-979 has been disconnected
2024-10-10 15:24:05,DEBUG,motion-979 detected at 192.168.0.132
2024-10-10 15:24:05,DEBUG,motion-1042 detected at 192.168.0.178
2024-10-10 15:24:06,DEBUG,motion-979 not accepting connections
2024-10-10 15:24:06,DEBUG,motion-1042 not accepting connections
2024-10-10 15:24:10,DEBUG,motion-979 detected at 192.168.0.132
2024-10-10 15:24:10,DEBUG,motion-1042 detected at 192.168.0.178
2024-10-10 15:24:11,DEBUG,motion-979 not accepting connections
2024-10-10 15:24:11,DEBUG,motion-1042 not accepting connections
2024-10-10 15:24:15,DEBUG,motion-979 detected at 192.168.0.132
2024-10-10 15:24:15,DEBUG,motion-1042 detected at 192.168.0.178
2024-10-10 15:24:15,DEBUG,motion-1043 detected at 192.168.0.166
2024-10-10 15:24:16,INFO,motion-1043 is connected
2024-10-10 15:24:16,DEBUG,motion-979 not accepting connections
2024-10-10 15:24:16,DEBUG,motion-1042 not accepting connections
2024-10-10 15:24:17,DEBUG,motion-1043 firmware is approved (9010 (3232) Weymouth SW)
2024-10-10 15:24:17,DEBUG,motion-1043 storage is 0% full
2024-10-10 15:24:17,INFO,motion-1043 battery level is 99%
2024-10-10 15:24:17,INFO,motion-1043 1043_1043_20241010_154757.oao queued - 0.2 MiB, 0.6 hours, 8.7 km, 37.7 knots (500m)
2024-10-10 15:24:17,INFO,motion-1043 1043_1043_20241010_154757.oao downloaded - 0.2 MiB, 0.6 hours, 8.7 km, 37.7 knots (500m)
2024-10-10 15:24:17,INFO,motion-1043 can be disconnected
2024-10-10 15:24:20,DEBUG,motion-979 detected at 192.168.0.132
2024-10-10 15:24:20,DEBUG,motion-1042 detected at 192.168.0.178
2024-10-10 15:24:21,DEBUG,motion-979 not accepting connections
2024-10-10 15:24:21,DEBUG,motion-1042 not accepting connections
2024-10-10 15:24:25,DEBUG,motion-979 detected at 192.168.0.132
2024-10-10 15:24:25,DEBUG,motion-1042 detected at 192.168.0.178
2024-10-10 15:24:26,DEBUG,motion-979 not accepting connections
2024-10-10 15:24:26,DEBUG,motion-1042 not accepting connections
2024-10-10 15:24:30,DEBUG,motion-979 detected at 192.168.0.132
2024-10-10 15:24:30,DEBUG,motion-1042 detected at 192.168.0.178
2024-10-10 15:24:31,DEBUG,motion-979 not accepting connections
2024-10-10 15:24:31,DEBUG,motion-1042 not accepting connections
2024-10-10 15:24:35,DEBUG,motion-1043 has been disconnected
2024-10-10 15:24:35,DEBUG,motion-1043 detected at 192.168.0.166
2024-10-10 15:24:35,DEBUG,motion-1042 detected at 192.168.0.178
2024-10-10 15:24:36,DEBUG,motion-1043 not accepting connections
2024-10-10 15:24:36,DEBUG,motion-1042 not accepting connections
2024-10-10 15:24:40,DEBUG,motion-1042 detected at 192.168.0.178
2024-10-10 15:24:40,DEBUG,motion-1043 detected at 192.168.0.166
2024-10-10 15:24:41,DEBUG,motion-1042 not accepting connections
2024-10-10 15:24:41,DEBUG,motion-1043 not accepting connections
2024-10-10 15:24:45,DEBUG,motion-1043 detected at 192.168.0.166
2024-10-10 15:24:45,DEBUG,motion-1042 detected at 192.168.0.178
2024-10-10 15:24:46,DEBUG,motion-1043 not accepting connections
2024-10-10 15:24:46,DEBUG,motion-1042 not accepting connections
2024-10-10 15:24:50,DEBUG,motion-1043 detected at 192.168.0.166
2024-10-10 15:24:51,DEBUG,motion-1043 not accepting connections
2024-10-10 15:24:55,DEBUG,motion-942 detected at 192.168.0.242
2024-10-10 15:24:55,DEBUG,motion-1043 detected at 192.168.0.166
2024-10-10 15:24:56,INFO,motion-942 is connected
2024-10-10 15:24:56,DEBUG,motion-942 firmware is approved (9010 (3232) Weymouth SW)
2024-10-10 15:24:56,DEBUG,motion-942 storage is 0% full
2024-10-10 15:24:56,INFO,motion-942 battery level is 73%
2024-10-10 15:24:56,INFO,motion-942 can be disconnected
2024-10-10 15:24:56,DEBUG,motion-1043 not accepting connections
2024-10-10 15:25:00,DEBUG,motion-1043 detected at 192.168.0.166
2024-10-10 15:25:01,DEBUG,motion-1043 not accepting connections
2024-10-10 15:25:05,DEBUG,motion-1043 detected at 192.168.0.166
2024-10-10 15:25:06,DEBUG,motion-1043 not accepting connections
2024-10-10 15:25:10,DEBUG,motion-1043 detected at 192.168.0.166
2024-10-10 15:25:11,DEBUG,motion-1043 not accepting connections
2024-10-10 15:25:15,DEBUG,motion-942 has been disconnected
2024-10-10 15:25:15,DEBUG,motion-942 detected at 192.168.0.242
2024-10-10 15:25:16,DEBUG,motion-942 not accepting connections
2024-10-10 15:25:20,DEBUG,motion-942 detected at 192.168.0.242
2024-10-10 15:25:21,DEBUG,motion-942 not accepting connections
2024-10-10 15:25:25,DEBUG,motion-998 detected at 192.168.0.244
2024-10-10 15:25:25,DEBUG,motion-942 detected at 192.168.0.242
2024-10-10 15:25:26,INFO,motion-998 is connected
2024-10-10 15:25:26,DEBUG,motion-998 firmware is approved (9010 (3232) Weymouth SW)
2024-10-10 15:25:26,DEBUG,motion-998 storage is 0% full
2024-10-10 15:25:26,INFO,motion-998 battery level is 85%
2024-10-10 15:25:26,INFO,motion-998 998_998_20241010_154813.oao queued - 0.2 MiB, 0.6 hours, 8.6 km, 37.7 knots (500m)
2024-10-10 15:25:26,DEBUG,motion-942 not accepting connections
2024-10-10 15:25:27,INFO,motion-998 998_998_20241010_154813.oao downloaded - 0.2 MiB, 0.6 hours, 8.6 km, 37.7 knots (500m)
2024-10-10 15:25:27,INFO,motion-998 can be disconnected
2024-10-10 15:25:30,DEBUG,motion-942 detected at 192.168.0.242
2024-10-10 15:25:30,DEBUG,motion-1045 detected at 192.168.0.202
2024-10-10 15:25:31,DEBUG,motion-942 not accepting connections
2024-10-10 15:25:31,INFO,motion-1045 is connected
2024-10-10 15:25:32,DEBUG,motion-1045 firmware is approved (9010 (3232) Weymouth SW)
2024-10-10 15:25:32,DEBUG,motion-1045 storage is 0% full
2024-10-10 15:25:32,INFO,motion-1045 battery level is 99%
2024-10-10 15:25:32,INFO,motion-1045 1045_1045_20241010_154919.oao queued - 0.2 MiB, 0.6 hours, 7.9 km, 37.7 knots (500m)
2024-10-10 15:25:33,INFO,motion-1045 1045_1045_20241010_154919.oao downloaded - 0.2 MiB, 0.6 hours, 7.9 km, 37.7 knots (500m)
2024-10-10 15:25:33,INFO,motion-1045 can be disconnected
2024-10-10 15:25:35,DEBUG,motion-942 detected at 192.168.0.242
2024-10-10 15:25:35,DEBUG,motion-1039 detected at 192.168.0.130
2024-10-10 15:25:36,INFO,motion-1039 is connected
2024-10-10 15:25:36,DEBUG,motion-1039 firmware is approved (9010 (3232) Weymouth SW)
2024-10-10 15:25:36,DEBUG,motion-1039 storage is 0% full
2024-10-10 15:25:36,INFO,motion-1039 battery level is 99%
2024-10-10 15:25:36,DEBUG,motion-942 not accepting connections
2024-10-10 15:25:37,INFO,motion-1039 998_1039_20241010_154951.oao queued - 0.2 MiB, 0.6 hours, 7.5 km, 37.7 knots (500m)
2024-10-10 15:25:37,INFO,motion-1039 998_1039_20241010_154951.oao downloaded - 0.2 MiB, 0.6 hours, 7.5 km, 37.7 knots (500m)
2024-10-10 15:25:37,INFO,motion-1039 can be disconnected
2024-10-10 15:25:40,DEBUG,motion-952 detected at 192.168.0.148
2024-10-10 15:25:40,DEBUG,motion-942 detected at 192.168.0.242
2024-10-10 15:25:41,INFO,motion-952 is connected
2024-10-10 15:25:41,DEBUG,motion-952 firmware is approved (9010 (3232) Weymouth SW)
2024-10-10 15:25:41,DEBUG,motion-952 storage is 0% full
2024-10-10 15:25:41,INFO,motion-952 battery level is 71%
2024-10-10 15:25:41,DEBUG,motion-942 not accepting connections
2024-10-10 15:25:42,INFO,motion-952 952_952_20241010_154859.oao queued - 0.2 MiB, 0.6 hours, 8.1 km, 37.7 knots (500m)
2024-10-10 15:25:42,INFO,motion-952 952_952_20241010_154859.oao downloaded - 0.2 MiB, 0.6 hours, 8.1 km, 37.7 knots (500m)
2024-10-10 15:25:42,INFO,motion-952 can be disconnected
2024-10-10 15:25:45,DEBUG,motion-942 detected at 192.168.0.242
2024-10-10 15:25:46,DEBUG,motion-942 not accepting connections
2024-10-10 15:25:50,DEBUG,motion-942 detected at 192.168.0.242
2024-10-10 15:25:51,DEBUG,motion-942 not accepting connections
2024-10-10 15:26:15,DEBUG,motion-1039 has been disconnected
2024-10-10 15:26:15,DEBUG,motion-1045 has been disconnected
2024-10-10 15:26:15,DEBUG,motion-1039 detected at 192.168.0.130
2024-10-10 15:26:15,DEBUG,motion-1045 detected at 192.168.0.202
2024-10-10 15:26:16,DEBUG,motion-1039 not accepting connections
2024-10-10 15:26:16,DEBUG,motion-1045 not accepting connections
2024-10-10 15:26:20,DEBUG,motion-1039 detected at 192.168.0.130
2024-10-10 15:26:20,DEBUG,motion-1045 detected at 192.168.0.202
2024-10-10 15:26:21,DEBUG,motion-1039 not accepting connections
2024-10-10 15:26:21,DEBUG,motion-1045 not accepting connections
2024-10-10 15:26:25,DEBUG,motion-1039 detected at 192.168.0.130
2024-10-10 15:26:25,DEBUG,motion-1045 detected at 192.168.0.202
2024-10-10 15:26:26,DEBUG,motion-1039 not accepting connections
2024-10-10 15:26:26,DEBUG,motion-1045 not accepting connections
2024-10-10 15:26:30,DEBUG,motion-1039 detected at 192.168.0.130
2024-10-10 15:26:30,DEBUG,motion-1045 detected at 192.168.0.202
2024-10-10 15:26:31,DEBUG,motion-1039 not accepting connections
2024-10-10 15:26:31,DEBUG,motion-1045 not accepting connections
2024-10-10 15:26:34,INFO,Keyboard interrupt
2024-10-10 15:26:34,INFO,Stopping thread pools
2024-10-10 15:26:34,DEBUG,DetectionThreadPool finished
2024-10-10 15:26:34,DEBUG,DetectionThread #1 finished
2024-10-10 15:26:34,DEBUG,DetectionThread #2 finished
2024-10-10 15:26:34,DEBUG,DetectionThread #3 finished
2024-10-10 15:26:34,DEBUG,DetectionThread #4 finished
2024-10-10 15:26:34,DEBUG,DetectionThread #5 finished
2024-10-10 15:26:34,DEBUG,DetectionThread #6 finished
2024-10-10 15:26:34,DEBUG,DetectionThread #7 finished
2024-10-10 15:26:34,DEBUG,DetectionThread #8 finished
2024-10-10 15:26:34,DEBUG,InspectionThreadPool finished
2024-10-10 15:26:35,DEBUG,InspectionThread #1 finished
2024-10-10 15:26:35,DEBUG,InspectionThread #2 finished
2024-10-10 15:26:35,DEBUG,InspectionThread #3 finished
2024-10-10 15:26:35,DEBUG,InspectionThread #4 finished
2024-10-10 15:26:35,DEBUG,DownloadThreadPool finished
2024-10-10 15:26:35,DEBUG,DownloadThread #1 finished
2024-10-10 15:26:35,DEBUG,DownloadThread #2 finished
2024-10-10 15:26:35,DEBUG,DownloadThread #3 finished
2024-10-10 15:26:35,DEBUG,DownloadThread #4 finished
2024-10-10 15:26:35,DEBUG,motion-952 has been disconnected
2024-10-10 15:26:35,DEBUG,motion-998 has been disconnected
2024-10-10 15:26:35,DEBUG,DisconnectionThreadPool finished
2024-10-10 15:26:35,DEBUG,DisconnectionThread #1 finished
2024-10-10 15:26:35,DEBUG,DisconnectionThread #2 finished
2024-10-10 15:26:35,DEBUG,DisconnectionThread #3 finished
2024-10-10 15:26:35,DEBUG,DisconnectionThread #4 finished
2024-10-10 15:26:35,DEBUG,DisconnectionThread #5 finished
2024-10-10 15:26:35,DEBUG,DisconnectionThread #6 finished
2024-10-10 15:26:35,DEBUG,DisconnectionThread #7 finished
2024-10-10 15:26:35,DEBUG,DisconnectionThread #8 finished
2024-10-10 15:26:35,INFO,Thread pools stopped
